<?xml version="1.0" encoding="UTF-8"?>
<!-- Generated by org.testng.reporters.JUnitXMLReporter -->
<testsuite hostname="vrishinsrihana" ignored="0" name="Test" tests="1" failures="1" timestamp="25 Feb 2018 02:59:54 GMT" time="48.195" errors="0">
  <testcase name="bookflight" time="7.48" classname="pagestest.Testcasetesting">
    <failure type="org.openqa.selenium.WebDriverException" message="unknown error: Element &amp;lt;input class=&amp;quot;Depart:@@:Date form-control date datepicker first hasDatepicker require&amp;quot; type=&amp;quot;text&amp;quot; name=&amp;quot;DepDate&amp;quot; id=&amp;quot;DepDate&amp;quot; placeholder=&amp;quot;dd/mm/yyyy&amp;quot; size=&amp;quot;10&amp;quot; value=&amp;quot;&amp;quot; readonly=&amp;quot;readonly&amp;quot;&amp;gt; is not clickable at point (269, 456). Other element would receive the click: &amp;lt;li class=&amp;quot;ui-menu-item&amp;quot; id=&amp;quot;ui-id-3&amp;quot; tabindex=&amp;quot;-1&amp;quot;&amp;gt;...&amp;lt;/li&amp;gt;
  (Session info: chrome=63.0.3239.132)
  (Driver info: chromedriver=2.35.528161 (5b82f2d2aae0ca24b877009200ced9065a772e73),platform=Windows NT 10.0.16299 x86_64) (WARNING: The server did not provide any stacktrace information)
Command duration or timeout: 406 milliseconds
Build info: version: &amp;apos;3.4.0&amp;apos;, revision: &amp;apos;unknown&amp;apos;, time: &amp;apos;unknown&amp;apos;
System info: host: &amp;apos;VRISHINSRIHANA&amp;apos;, ip: &amp;apos;192.168.0.23&amp;apos;, os.name: &amp;apos;Windows 10&amp;apos;, os.arch: &amp;apos;amd64&amp;apos;, os.version: &amp;apos;10.0&amp;apos;, java.version: &amp;apos;1.8.0_131&amp;apos;
Driver info: org.openqa.selenium.chrome.ChromeDriver
Capabilities [{applicationCacheEnabled=false, rotatable=false, mobileEmulationEnabled=false, networkConnectionEnabled=false, chrome={chromedriverVersion=2.35.528161 (5b82f2d2aae0ca24b877009200ced9065a772e73), userDataDir=C:\Users\VRISHI~1\AppData\Local\Temp\scoped_dir812_12430}, takesHeapSnapshot=true, pageLoadStrategy=normal, databaseEnabled=false, handlesAlerts=true, hasTouchScreen=false, version=63.0.3239.132, platform=XP, browserConnectionEnabled=false, nativeEvents=true, acceptSslCerts=false, acceptInsecureCerts=false, locationContextEnabled=true, webStorageEnabled=true, browserName=chrome, takesScreenshot=true, javascriptEnabled=true, cssSelectorsEnabled=true, setWindowRect=true, unexpectedAlertBehaviour=}]
Session ID: b47bac194fc3a2c2928a7e0c5537a6a0">
      <![CDATA[org.openqa.selenium.WebDriverException: unknown error: Element <input class="Depart:@@:Date form-control date datepicker first hasDatepicker require" type="text" name="DepDate" id="DepDate" placeholder="dd/mm/yyyy" size="10" value="" readonly="readonly"> is not clickable at point (269, 456). Other element would receive the click: <li class="ui-menu-item" id="ui-id-3" tabindex="-1">...</li>  (Session info: chrome=63.0.3239.132)  (Driver info: chromedriver=2.35.528161 (5b82f2d2aae0ca24b877009200ced9065a772e73),platform=Windows NT 10.0.16299 x86_64) (WARNING: The server did not provide any stacktrace information)Command duration or timeout: 406 millisecondsBuild info: version: '3.4.0', revision: 'unknown', time: 'unknown'System info: host: 'VRISHINSRIHANA', ip: '192.168.0.23', os.name: 'Windows 10', os.arch: 'amd64', os.version: '10.0', java.version: '1.8.0_131'Driver info: org.openqa.selenium.chrome.ChromeDriverCapabilities [{applicationCacheEnabled=false, rotatable=false, mobileEmulationEnabled=false, networkConnectionEnabled=false, chrome={chromedriverVersion=2.35.528161 (5b82f2d2aae0ca24b877009200ced9065a772e73), userDataDir=C:\Users\VRISHI~1\AppData\Local\Temp\scoped_dir812_12430}, takesHeapSnapshot=true, pageLoadStrategy=normal, databaseEnabled=false, handlesAlerts=true, hasTouchScreen=false, version=63.0.3239.132, platform=XP, browserConnectionEnabled=false, nativeEvents=true, acceptSslCerts=false, acceptInsecureCerts=false, locationContextEnabled=true, webStorageEnabled=true, browserName=chrome, takesScreenshot=true, javascriptEnabled=true, cssSelectorsEnabled=true, setWindowRect=true, unexpectedAlertBehaviour=}]Session ID: b47bac194fc3a2c2928a7e0c5537a6a0at org.openqa.selenium.remote.ErrorHandler.createThrowable(ErrorHandler.java:215)at org.openqa.selenium.remote.ErrorHandler.throwIfResponseFailed(ErrorHandler.java:167)at org.openqa.selenium.remote.RemoteWebDriver.execute(RemoteWebDriver.java:671)at org.openqa.selenium.remote.RemoteWebElement.execute(RemoteWebElement.java:272)at org.openqa.selenium.remote.RemoteWebElement.click(RemoteWebElement.java:82)at pages.Travelpackhomepage.depart(Travelpackhomepage.java:38)at pagestest.Testcasetesting.bookflight(Testcasetesting.java:17)... Removed 29 stack frames]]>
    </failure>
  </testcase> <!-- bookflight -->
</testsuite> <!-- Test -->
